
                                   Not Found

   The requested URL /admin/rank_update.php was not found on this server.

   Additionally, a 404 Not Found error was encountered while trying to
   use an ErrorDocument to handle the request.
     _________________________________________________________________


    HIPEKR/1.3.33 Server at www.coditop10.com Port 80

                                   Not Found

   The requested URL /admin/rank_update.php was not found on this server.

   Additionally, a 404 Not Found error was encountered while trying to
   use an ErrorDocument to handle the request.
     _________________________________________________________________


    HIPEKR/1.3.33 Server at www.coditop10.com Port 80

                                   Not Found

   The requested URL /admin/rank_update.php was not found on this server.

   Additionally, a 404 Not Found error was encountered while trying to
   use an ErrorDocument to handle the request.
     _________________________________________________________________


    HIPEKR/1.3.33 Server at www.coditop10.com Port 80

                                   Not Found

   The requested URL /admin/rank_update.php was not found on this server.

   Additionally, a 404 Not Found error was encountered while trying to
   use an ErrorDocument to handle the request.
     _________________________________________________________________


    HIPEKR/1.3.33 Server at www.coditop10.com Port 80

                                   Not Found

   The requested URL /admin/rank_update.php was not found on this server.

   Additionally, a 404 Not Found error was encountered while trying to
   use an ErrorDocument to handle the request.
     _________________________________________________________________


    HIPEKR/1.3.33 Server at www.coditop10.com Port 80

                                   Not Found

   The requested URL /admin/rank_update.php was not found on this server.

   Additionally, a 404 Not Found error was encountered while trying to
   use an ErrorDocument to handle the request.
     _________________________________________________________________


    HIPEKR/1.3.33 Server at www.coditop10.com Port 80

                                   Not Found

   The requested URL /admin/rank_update.php was not found on this server.

   Additionally, a 404 Not Found error was encountered while trying to
   use an ErrorDocument to handle the request.
     _________________________________________________________________


    HIPEKR/1.3.33 Server at www.coditop10.com Port 80

                                   Not Found

   The requested URL /admin/rank_update.php was not found on this server.

   Additionally, a 404 Not Found error was encountered while trying to
   use an ErrorDocument to handle the request.
     _________________________________________________________________


    HIPEKR/1.3.33 Server at www.coditop10.com Port 80

                                   Not Found

   The requested URL /admin/rank_update.php was not found on this server.

   Additionally, a 404 Not Found error was encountered while trying to
   use an ErrorDocument to handle the request.
     _________________________________________________________________


    HIPEKR/1.3.33 Server at www.coditop10.com Port 80

                                   Not Found

   The requested URL /admin/rank_update.php was not found on this server.

   Additionally, a 404 Not Found error was encountered while trying to
   use an ErrorDocument to handle the request.
     _________________________________________________________________


    HIPEKR/1.3.33 Server at www.coditop10.com Port 80

                                   Not Found

   The requested URL /admin/rank_update.php was not found on this server.

   Additionally, a 404 Not Found error was encountered while trying to
   use an ErrorDocument to handle the request.
     _________________________________________________________________


    HIPEKR/1.3.33 Server at www.coditop10.com Port 80

                                   Not Found

   The requested URL /admin/rank_update.php was not found on this server.

   Additionally, a 404 Not Found error was encountered while trying to
   use an ErrorDocument to handle the request.
     _________________________________________________________________


    HIPEKR/1.3.33 Server at www.coditop10.com Port 80

                                   Not Found

   The requested URL /admin/rank_update.php was not found on this server.

   Additionally, a 404 Not Found error was encountered while trying to
   use an ErrorDocument to handle the request.
     _________________________________________________________________


    HIPEKR/1.3.33 Server at www.coditop10.com Port 80

                                   Not Found

   The requested URL /admin/rank_update.php was not found on this server.

   Additionally, a 404 Not Found error was encountered while trying to
   use an ErrorDocument to handle the request.
     _________________________________________________________________


    HIPEKR/1.3.33 Server at www.coditop10.com Port 80

                                   Not Found

   The requested URL /admin/rank_update.php was not found on this server.

   Additionally, a 404 Not Found error was encountered while trying to
   use an ErrorDocument to handle the request.
     _________________________________________________________________


    HIPEKR/1.3.33 Server at www.coditop10.com Port 80
